#! /c/Source/iverilog-install/bin/vvp
:ivl_version "12.0 (devel)" "(s20150603-1539-g2693dd32b)";
:ivl_delay_selection "TYPICAL";
:vpi_time_precision - 12;
:vpi_module "C:\iverilog\lib\ivl\system.vpi";
:vpi_module "C:\iverilog\lib\ivl\vhdl_sys.vpi";
:vpi_module "C:\iverilog\lib\ivl\vhdl_textio.vpi";
:vpi_module "C:\iverilog\lib\ivl\v2005_math.vpi";
:vpi_module "C:\iverilog\lib\ivl\va_math.vpi";
S_0000019ec754d7f0 .scope module, "fms_estado_tb" "fms_estado_tb" 2 4;
 .timescale -9 -12;
v0000019ec75a6670_0 .var "clk", 0 0;
v0000019ec75a6b20_0 .var "diversion", 2 0;
v0000019ec75425d0_0 .net "estado", 2 0, v0000019ec753b9a0_0;  1 drivers
v0000019ec7542710_0 .var "hambre", 2 0;
v0000019ec7542170_0 .var "reset", 0 0;
v0000019ec7541f90_0 .var "ruido", 0 0;
v0000019ec7542990_0 .var "test", 0 0;
v0000019ec75423f0_0 .var "ultrasonido", 0 0;
S_0000019ec754d980 .scope begin, "TEST_CASE" "TEST_CASE" 2 80, 2 80 0, S_0000019ec754d7f0;
 .timescale -9 -12;
S_0000019ec7512d20 .scope module, "uut" "fms_estado" 2 17, 3 1 0, S_0000019ec754d7f0;
 .timescale 0 0;
    .port_info 0 /INPUT 1 "clk";
    .port_info 1 /INPUT 1 "reset";
    .port_info 2 /INPUT 1 "test";
    .port_info 3 /INPUT 3 "hambre";
    .port_info 4 /INPUT 3 "diversion";
    .port_info 5 /INPUT 1 "ultrasonido";
    .port_info 6 /INPUT 1 "ruido";
    .port_info 7 /OUTPUT 3 "estado";
P_0000019ec754db10 .param/l "CANSADO" 1 3 13, C4<010>;
P_0000019ec754db48 .param/l "FELIZ" 1 3 13, C4<000>;
P_0000019ec754db80 .param/l "HAMBRIENTO" 1 3 14, C4<011>;
P_0000019ec754dbb8 .param/l "MUERTO" 1 3 14, C4<101>;
P_0000019ec754dbf0 .param/l "NEUTRO" 1 3 14, C4<100>;
P_0000019ec754dc28 .param/l "TRISTE" 1 3 13, C4<001>;
v0000019ec763b410_0 .net "clk", 0 0, v0000019ec75a6670_0;  1 drivers
v0000019ec7513380_0 .net "diversion", 2 0, v0000019ec75a6b20_0;  1 drivers
v0000019ec753b9a0_0 .var "estado", 2 0;
v0000019ec7512eb0_0 .var "estado_actual", 2 0;
v0000019ec7512f50_0 .var "estado_proximo", 2 0;
v0000019ec7512ff0_0 .net "hambre", 2 0, v0000019ec7542710_0;  1 drivers
v0000019ec7513090_0 .net "reset", 0 0, v0000019ec7542170_0;  1 drivers
v0000019ec75a63f0_0 .net "ruido", 0 0, v0000019ec7541f90_0;  1 drivers
v0000019ec75a6490_0 .net "test", 0 0, v0000019ec7542990_0;  1 drivers
v0000019ec75a6530_0 .var "test_prev", 0 0;
v0000019ec75a65d0_0 .net "ultrasonido", 0 0, v0000019ec75423f0_0;  1 drivers
E_0000019ec7538a30 .event posedge, v0000019ec763b410_0;
E_0000019ec75393f0 .event posedge, v0000019ec7513090_0, v0000019ec763b410_0;
E_0000019ec7538c70/0 .event anyedge, v0000019ec7512f50_0, v0000019ec75a6490_0, v0000019ec75a6530_0, v0000019ec7512eb0_0;
E_0000019ec7538c70/1 .event anyedge, v0000019ec75a63f0_0, v0000019ec7512ff0_0, v0000019ec7513380_0, v0000019ec75a65d0_0;
E_0000019ec7538c70 .event/or E_0000019ec7538c70/0, E_0000019ec7538c70/1;
    .scope S_0000019ec7512d20;
T_0 ;
    %wait E_0000019ec7538a30;
    %load/vec4 v0000019ec7513090_0;
    %pad/u 32;
    %cmpi/e 0, 0, 32;
    %jmp/0xz  T_0.0, 4;
    %pushi/vec4 4, 0, 3;
    %assign/vec4 v0000019ec7512eb0_0, 0;
    %jmp T_0.1;
T_0.0 ;
    %load/vec4 v0000019ec7512f50_0;
    %assign/vec4 v0000019ec7512eb0_0, 0;
T_0.1 ;
    %jmp T_0;
    .thread T_0;
    .scope S_0000019ec7512d20;
T_1 ;
    %wait E_0000019ec7538c70;
    %load/vec4 v0000019ec7512f50_0;
    %assign/vec4 v0000019ec7512eb0_0, 0;
    %load/vec4 v0000019ec75a6490_0;
    %nor/r;
    %flag_set/vec4 9;
    %flag_get/vec4 9;
    %jmp/0 T_1.2, 9;
    %load/vec4 v0000019ec75a6530_0;
    %and;
T_1.2;
    %flag_set/vec4 8;
    %jmp/0xz  T_1.0, 8;
    %load/vec4 v0000019ec7512eb0_0;
    %dup/vec4;
    %pushi/vec4 0, 0, 3;
    %cmp/u;
    %jmp/1 T_1.3, 6;
    %dup/vec4;
    %pushi/vec4 1, 0, 3;
    %cmp/u;
    %jmp/1 T_1.4, 6;
    %dup/vec4;
    %pushi/vec4 2, 0, 3;
    %cmp/u;
    %jmp/1 T_1.5, 6;
    %dup/vec4;
    %pushi/vec4 3, 0, 3;
    %cmp/u;
    %jmp/1 T_1.6, 6;
    %dup/vec4;
    %pushi/vec4 5, 0, 3;
    %cmp/u;
    %jmp/1 T_1.7, 6;
    %dup/vec4;
    %pushi/vec4 4, 0, 3;
    %cmp/u;
    %jmp/1 T_1.8, 6;
    %pushi/vec4 4, 0, 3;
    %store/vec4 v0000019ec7512f50_0, 0, 3;
    %jmp T_1.10;
T_1.3 ;
    %pushi/vec4 1, 0, 3;
    %store/vec4 v0000019ec7512f50_0, 0, 3;
    %jmp T_1.10;
T_1.4 ;
    %pushi/vec4 2, 0, 3;
    %store/vec4 v0000019ec7512f50_0, 0, 3;
    %jmp T_1.10;
T_1.5 ;
    %pushi/vec4 3, 0, 3;
    %store/vec4 v0000019ec7512f50_0, 0, 3;
    %jmp T_1.10;
T_1.6 ;
    %pushi/vec4 5, 0, 3;
    %store/vec4 v0000019ec7512f50_0, 0, 3;
    %jmp T_1.10;
T_1.7 ;
    %pushi/vec4 4, 0, 3;
    %store/vec4 v0000019ec7512f50_0, 0, 3;
    %jmp T_1.10;
T_1.8 ;
    %pushi/vec4 0, 0, 3;
    %store/vec4 v0000019ec7512f50_0, 0, 3;
    %jmp T_1.10;
T_1.10 ;
    %pop/vec4 1;
    %jmp T_1.1;
T_1.0 ;
    %load/vec4 v0000019ec7512eb0_0;
    %dup/vec4;
    %pushi/vec4 4, 0, 3;
    %cmp/u;
    %jmp/1 T_1.11, 6;
    %dup/vec4;
    %pushi/vec4 2, 0, 3;
    %cmp/u;
    %jmp/1 T_1.12, 6;
    %dup/vec4;
    %pushi/vec4 1, 0, 3;
    %cmp/u;
    %jmp/1 T_1.13, 6;
    %dup/vec4;
    %pushi/vec4 3, 0, 3;
    %cmp/u;
    %jmp/1 T_1.14, 6;
    %dup/vec4;
    %pushi/vec4 0, 0, 3;
    %cmp/u;
    %jmp/1 T_1.15, 6;
    %dup/vec4;
    %pushi/vec4 5, 0, 3;
    %cmp/u;
    %jmp/1 T_1.16, 6;
    %pushi/vec4 4, 0, 3;
    %store/vec4 v0000019ec7512f50_0, 0, 3;
    %jmp T_1.18;
T_1.11 ;
    %load/vec4 v0000019ec75a63f0_0;
    %flag_set/vec4 8;
    %jmp/0 T_1.19, 8;
    %pushi/vec4 2, 0, 3;
    %jmp/1 T_1.20, 8;
T_1.19 ; End of true expr.
    %pushi/vec4 4, 0, 3;
    %jmp/0 T_1.20, 8;
 ; End of false expr.
    %blend;
T_1.20;
    %store/vec4 v0000019ec7512f50_0, 0, 3;
    %jmp T_1.18;
T_1.12 ;
    %load/vec4 v0000019ec7512ff0_0;
    %pad/u 32;
    %cmpi/u 4, 0, 32;
    %flag_inv 5; GE is !LT
    %flag_mov 8, 5;
    %jmp/0 T_1.21, 8;
    %pushi/vec4 3, 0, 3;
    %jmp/1 T_1.22, 8;
T_1.21 ; End of true expr.
    %load/vec4 v0000019ec75a63f0_0;
    %flag_set/vec4 9;
    %jmp/0 T_1.23, 9;
    %pushi/vec4 2, 0, 3;
    %jmp/1 T_1.24, 9;
T_1.23 ; End of true expr.
    %pushi/vec4 4, 0, 3;
    %jmp/0 T_1.24, 9;
 ; End of false expr.
    %blend;
T_1.24;
    %jmp/0 T_1.22, 8;
 ; End of false expr.
    %blend;
T_1.22;
    %store/vec4 v0000019ec7512f50_0, 0, 3;
    %jmp T_1.18;
T_1.13 ;
    %load/vec4 v0000019ec7513380_0;
    %pad/u 32;
    %cmpi/u 4, 0, 32;
    %flag_inv 5; GE is !LT
    %flag_get/vec4 5;
    %jmp/0 T_1.28, 5;
    %load/vec4 v0000019ec7512ff0_0;
    %pad/u 32;
    %cmpi/u 2, 0, 32;
    %flag_get/vec4 4;
    %flag_get/vec4 5;
    %or;
    %and;
T_1.28;
    %flag_set/vec4 9;
    %flag_get/vec4 9;
    %jmp/0 T_1.27, 9;
    %load/vec4 v0000019ec75a65d0_0;
    %pad/u 32;
    %pushi/vec4 0, 0, 32;
    %cmp/e;
    %flag_get/vec4 4;
    %and;
T_1.27;
    %flag_set/vec4 8;
    %jmp/0 T_1.25, 8;
    %pushi/vec4 0, 0, 3;
    %jmp/1 T_1.26, 8;
T_1.25 ; End of true expr.
    %load/vec4 v0000019ec7512ff0_0;
    %pad/u 32;
    %cmpi/e 5, 0, 32;
    %flag_mov 9, 4;
    %jmp/0 T_1.29, 9;
    %pushi/vec4 5, 0, 3;
    %jmp/1 T_1.30, 9;
T_1.29 ; End of true expr.
    %pushi/vec4 1, 0, 3;
    %jmp/0 T_1.30, 9;
 ; End of false expr.
    %blend;
T_1.30;
    %jmp/0 T_1.26, 8;
 ; End of false expr.
    %blend;
T_1.26;
    %store/vec4 v0000019ec7512f50_0, 0, 3;
    %jmp T_1.18;
T_1.14 ;
    %load/vec4 v0000019ec7512ff0_0;
    %pad/u 32;
    %cmpi/e 5, 0, 32;
    %flag_mov 8, 4;
    %jmp/0 T_1.31, 8;
    %pushi/vec4 5, 0, 3;
    %jmp/1 T_1.32, 8;
T_1.31 ; End of true expr.
    %load/vec4 v0000019ec7513380_0;
    %pad/u 32;
    %cmpi/u 2, 0, 32;
    %flag_inv 5; GE is !LT
    %flag_get/vec4 5;
    %jmp/0 T_1.36, 5;
    %load/vec4 v0000019ec7512ff0_0;
    %pad/u 32;
    %cmpi/u 2, 0, 32;
    %flag_get/vec4 4;
    %flag_get/vec4 5;
    %or;
    %and;
T_1.36;
    %flag_set/vec4 10;
    %flag_get/vec4 10;
    %jmp/0 T_1.35, 10;
    %load/vec4 v0000019ec75a65d0_0;
    %pad/u 32;
    %pushi/vec4 0, 0, 32;
    %cmp/e;
    %flag_get/vec4 4;
    %and;
T_1.35;
    %flag_set/vec4 9;
    %jmp/0 T_1.33, 9;
    %pushi/vec4 0, 0, 3;
    %jmp/1 T_1.34, 9;
T_1.33 ; End of true expr.
    %pushi/vec4 3, 0, 3;
    %jmp/0 T_1.34, 9;
 ; End of false expr.
    %blend;
T_1.34;
    %jmp/0 T_1.32, 8;
 ; End of false expr.
    %blend;
T_1.32;
    %store/vec4 v0000019ec7512f50_0, 0, 3;
    %jmp T_1.18;
T_1.15 ;
    %load/vec4 v0000019ec7513380_0;
    %pad/u 32;
    %cmpi/u 1, 0, 32;
    %flag_or 5, 4;
    %flag_get/vec4 5;
    %jmp/0 T_1.39, 5;
    %load/vec4 v0000019ec75a65d0_0;
    %pad/u 32;
    %pushi/vec4 1, 0, 32;
    %cmp/e;
    %flag_get/vec4 4;
    %and;
T_1.39;
    %flag_set/vec4 8;
    %jmp/0 T_1.37, 8;
    %pushi/vec4 1, 0, 3;
    %jmp/1 T_1.38, 8;
T_1.37 ; End of true expr.
    %pushi/vec4 0, 0, 3;
    %jmp/0 T_1.38, 8;
 ; End of false expr.
    %blend;
T_1.38;
    %store/vec4 v0000019ec7512f50_0, 0, 3;
    %jmp T_1.18;
T_1.16 ;
    %pushi/vec4 5, 0, 3;
    %store/vec4 v0000019ec7512f50_0, 0, 3;
    %jmp T_1.18;
T_1.18 ;
    %pop/vec4 1;
T_1.1 ;
    %jmp T_1;
    .thread T_1, $push;
    .scope S_0000019ec7512d20;
T_2 ;
    %wait E_0000019ec75393f0;
    %load/vec4 v0000019ec7513090_0;
    %flag_set/vec4 8;
    %jmp/0xz  T_2.0, 8;
    %pushi/vec4 0, 0, 1;
    %assign/vec4 v0000019ec75a6530_0, 0;
    %jmp T_2.1;
T_2.0 ;
    %load/vec4 v0000019ec75a6490_0;
    %assign/vec4 v0000019ec75a6530_0, 0;
T_2.1 ;
    %jmp T_2;
    .thread T_2;
    .scope S_0000019ec7512d20;
T_3 ;
    %wait E_0000019ec7538a30;
    %load/vec4 v0000019ec7512eb0_0;
    %assign/vec4 v0000019ec753b9a0_0, 0;
    %jmp T_3;
    .thread T_3;
    .scope S_0000019ec754d7f0;
T_4 ;
    %pushi/vec4 0, 0, 1;
    %store/vec4 v0000019ec75a6670_0, 0, 1;
T_4.0 ;
    %delay 5000, 0;
    %load/vec4 v0000019ec75a6670_0;
    %inv;
    %store/vec4 v0000019ec75a6670_0, 0, 1;
    %jmp T_4.0;
    %end;
    .thread T_4;
    .scope S_0000019ec754d7f0;
T_5 ;
    %pushi/vec4 1, 0, 1;
    %store/vec4 v0000019ec7542170_0, 0, 1;
    %pushi/vec4 0, 0, 1;
    %store/vec4 v0000019ec7542990_0, 0, 1;
    %pushi/vec4 0, 0, 3;
    %store/vec4 v0000019ec7542710_0, 0, 3;
    %pushi/vec4 0, 0, 3;
    %store/vec4 v0000019ec75a6b20_0, 0, 3;
    %pushi/vec4 0, 0, 1;
    %store/vec4 v0000019ec75423f0_0, 0, 1;
    %pushi/vec4 0, 0, 1;
    %store/vec4 v0000019ec7541f90_0, 0, 1;
    %delay 10000, 0;
    %pushi/vec4 0, 0, 1;
    %store/vec4 v0000019ec7542170_0, 0, 1;
    %delay 10000, 0;
    %pushi/vec4 1, 0, 1;
    %store/vec4 v0000019ec7542990_0, 0, 1;
    %delay 10000, 0;
    %pushi/vec4 0, 0, 1;
    %store/vec4 v0000019ec7542990_0, 0, 1;
    %delay 10000, 0;
    %pushi/vec4 1, 0, 1;
    %store/vec4 v0000019ec7542990_0, 0, 1;
    %delay 10000, 0;
    %pushi/vec4 0, 0, 1;
    %store/vec4 v0000019ec7542990_0, 0, 1;
    %delay 10000, 0;
    %pushi/vec4 1, 0, 1;
    %store/vec4 v0000019ec7542990_0, 0, 1;
    %delay 10000, 0;
    %pushi/vec4 0, 0, 1;
    %store/vec4 v0000019ec7542990_0, 0, 1;
    %delay 10000, 0;
    %pushi/vec4 1, 0, 1;
    %store/vec4 v0000019ec7542990_0, 0, 1;
    %delay 10000, 0;
    %pushi/vec4 0, 0, 1;
    %store/vec4 v0000019ec7542990_0, 0, 1;
    %delay 10000, 0;
    %pushi/vec4 1, 0, 1;
    %store/vec4 v0000019ec7542990_0, 0, 1;
    %delay 10000, 0;
    %pushi/vec4 0, 0, 1;
    %store/vec4 v0000019ec7542990_0, 0, 1;
    %delay 10000, 0;
    %pushi/vec4 1, 0, 1;
    %store/vec4 v0000019ec7542990_0, 0, 1;
    %delay 10000, 0;
    %pushi/vec4 0, 0, 1;
    %store/vec4 v0000019ec7542990_0, 0, 1;
    %delay 20000, 0;
    %pushi/vec4 1, 0, 3;
    %store/vec4 v0000019ec75a6b20_0, 0, 3;
    %pushi/vec4 1, 0, 1;
    %store/vec4 v0000019ec75423f0_0, 0, 1;
    %delay 20000, 0;
    %pushi/vec4 4, 0, 3;
    %store/vec4 v0000019ec7542710_0, 0, 3;
    %pushi/vec4 3, 0, 3;
    %store/vec4 v0000019ec75a6b20_0, 0, 3;
    %pushi/vec4 0, 0, 1;
    %store/vec4 v0000019ec75423f0_0, 0, 1;
    %delay 20000, 0;
    %pushi/vec4 5, 0, 3;
    %store/vec4 v0000019ec7542710_0, 0, 3;
    %delay 20000, 0;
    %pushi/vec4 1, 0, 3;
    %store/vec4 v0000019ec7542710_0, 0, 3;
    %pushi/vec4 5, 0, 3;
    %store/vec4 v0000019ec75a6b20_0, 0, 3;
    %pushi/vec4 0, 0, 1;
    %store/vec4 v0000019ec75423f0_0, 0, 1;
    %delay 20000, 0;
    %pushi/vec4 1, 0, 1;
    %store/vec4 v0000019ec7541f90_0, 0, 1;
    %delay 20000, 0;
    %pushi/vec4 1, 0, 1;
    %store/vec4 v0000019ec7542170_0, 0, 1;
    %delay 10000, 0;
    %pushi/vec4 0, 0, 1;
    %store/vec4 v0000019ec7542170_0, 0, 1;
    %delay 100000, 0;
    %end;
    .thread T_5;
    .scope S_0000019ec754d7f0;
T_6 ;
    %fork t_1, S_0000019ec754d980;
    %jmp t_0;
    .scope S_0000019ec754d980;
t_1 ;
    %vpi_call 2 81 "$dumpfile", "fms_estado_tb.vcd" {0 0 0};
    %vpi_call 2 82 "$dumpvars", 32'sb11111111111111111111111111111111, S_0000019ec7512d20 {0 0 0};
    %delay 400000, 0;
    %vpi_call 2 83 "$finish" {0 0 0};
    %end;
    .scope S_0000019ec754d7f0;
t_0 %join;
    %end;
    .thread T_6;
# The file index is used to find the file name in the following table.
:file_names 4;
    "N/A";
    "<interactive>";
    "fms_estado_tb.v";
    "./fms_estado.v";
