Analysis & Synthesis report for tamagotchi
Sun Sep 15 16:10:44 2024
Quartus Prime Version 23.1std.0 Build 991 11/28/2023 SC Lite Edition


---------------------
; Table of Contents ;
---------------------
  1. Legal Notice
  2. Analysis & Synthesis Summary
  3. Analysis & Synthesis Settings
  4. Parallel Compilation
  5. Analysis & Synthesis Source Files Read
  6. Analysis & Synthesis Resource Usage Summary
  7. Analysis & Synthesis Resource Utilization by Entity
  8. State Machine - |top_module|LCD1602_cust_char:lcd_inst|create_char_task
  9. State Machine - |top_module|LCD1602_cust_char:lcd_inst|fsm_state
 10. Registers Removed During Synthesis
 11. General Register Statistics
 12. Inverted Register Statistics
 13. Multiplexer Restructuring Statistics (Restructuring Performed)
 14. Parameter Settings for User Entity Instance: niveles:niveles_inst
 15. Parameter Settings for User Entity Instance: Ultrasonic_Sensor:ultrasonic_sensor_inst
 16. Parameter Settings for User Entity Instance: LCD1602_cust_char:lcd_inst
 17. Parameter Settings for Inferred Entity Instance: LCD1602_cust_char:lcd_inst|lpm_divide:Mod0
 18. Port Connectivity Checks: "LCD1602_cust_char:lcd_inst"
 19. Port Connectivity Checks: "niveles:niveles_inst"
 20. Post-Synthesis Netlist Statistics for Top Partition
 21. Elapsed Time Per Partition
 22. Analysis & Synthesis Messages
 23. Analysis & Synthesis Suppressed Messages



----------------
; Legal Notice ;
----------------
Copyright (C) 2023  Intel Corporation. All rights reserved.
Your use of Intel Corporation's design tools, logic functions 
and other software and tools, and any partner logic 
functions, and any output files from any of the foregoing 
(including device programming or simulation files), and any 
associated documentation or information are expressly subject 
to the terms and conditions of the Intel Program License 
Subscription Agreement, the Intel Quartus Prime License Agreement,
the Intel FPGA IP License Agreement, or other applicable license
agreement, including, without limitation, that your use is for
the sole purpose of programming logic devices manufactured by
Intel and sold by Intel or its authorized distributors.  Please
refer to the applicable agreement for further details, at
https://fpgasoftware.intel.com/eula.



+-------------------------------------------------------------------------------------+
; Analysis & Synthesis Summary                                                        ;
+------------------------------------+------------------------------------------------+
; Analysis & Synthesis Status        ; Successful - Sun Sep 15 16:10:44 2024          ;
; Quartus Prime Version              ; 23.1std.0 Build 991 11/28/2023 SC Lite Edition ;
; Revision Name                      ; tamagotchi                                     ;
; Top-level Entity Name              ; top_module                                     ;
; Family                             ; Cyclone IV E                                   ;
; Total logic elements               ; 568                                            ;
;     Total combinational functions  ; 557                                            ;
;     Dedicated logic registers      ; 238                                            ;
; Total registers                    ; 238                                            ;
; Total pins                         ; 30                                             ;
; Total virtual pins                 ; 0                                              ;
; Total memory bits                  ; 0                                              ;
; Embedded Multiplier 9-bit elements ; 0                                              ;
; Total PLLs                         ; 0                                              ;
+------------------------------------+------------------------------------------------+


+------------------------------------------------------------------------------------------------------------+
; Analysis & Synthesis Settings                                                                              ;
+------------------------------------------------------------------+--------------------+--------------------+
; Option                                                           ; Setting            ; Default Value      ;
+------------------------------------------------------------------+--------------------+--------------------+
; Device                                                           ; EP4CE6E22C8        ;                    ;
; Top-level entity name                                            ; top_module         ; tamagotchi         ;
; Family name                                                      ; Cyclone IV E       ; Cyclone V          ;
; Use smart compilation                                            ; Off                ; Off                ;
; Enable parallel Assembler and Timing Analyzer during compilation ; On                 ; On                 ;
; Enable compact report table                                      ; Off                ; Off                ;
; Restructure Multiplexers                                         ; Auto               ; Auto               ;
; Create Debugging Nodes for IP Cores                              ; Off                ; Off                ;
; Preserve fewer node names                                        ; On                 ; On                 ;
; Intel FPGA IP Evaluation Mode                                    ; Enable             ; Enable             ;
; Verilog Version                                                  ; Verilog_2001       ; Verilog_2001       ;
; VHDL Version                                                     ; VHDL_1993          ; VHDL_1993          ;
; State Machine Processing                                         ; Auto               ; Auto               ;
; Safe State Machine                                               ; Off                ; Off                ;
; Extract Verilog State Machines                                   ; On                 ; On                 ;
; Extract VHDL State Machines                                      ; On                 ; On                 ;
; Ignore Verilog initial constructs                                ; Off                ; Off                ;
; Iteration limit for constant Verilog loops                       ; 5000               ; 5000               ;
; Iteration limit for non-constant Verilog loops                   ; 250                ; 250                ;
; Add Pass-Through Logic to Inferred RAMs                          ; On                 ; On                 ;
; Infer RAMs from Raw Logic                                        ; On                 ; On                 ;
; Parallel Synthesis                                               ; On                 ; On                 ;
; DSP Block Balancing                                              ; Auto               ; Auto               ;
; NOT Gate Push-Back                                               ; On                 ; On                 ;
; Power-Up Don't Care                                              ; On                 ; On                 ;
; Remove Redundant Logic Cells                                     ; Off                ; Off                ;
; Remove Duplicate Registers                                       ; On                 ; On                 ;
; Ignore CARRY Buffers                                             ; Off                ; Off                ;
; Ignore CASCADE Buffers                                           ; Off                ; Off                ;
; Ignore GLOBAL Buffers                                            ; Off                ; Off                ;
; Ignore ROW GLOBAL Buffers                                        ; Off                ; Off                ;
; Ignore LCELL Buffers                                             ; Off                ; Off                ;
; Ignore SOFT Buffers                                              ; On                 ; On                 ;
; Limit AHDL Integers to 32 Bits                                   ; Off                ; Off                ;
; Optimization Technique                                           ; Balanced           ; Balanced           ;
; Carry Chain Length                                               ; 70                 ; 70                 ;
; Auto Carry Chains                                                ; On                 ; On                 ;
; Auto Open-Drain Pins                                             ; On                 ; On                 ;
; Perform WYSIWYG Primitive Resynthesis                            ; Off                ; Off                ;
; Auto ROM Replacement                                             ; On                 ; On                 ;
; Auto RAM Replacement                                             ; On                 ; On                 ;
; Auto DSP Block Replacement                                       ; On                 ; On                 ;
; Auto Shift Register Replacement                                  ; Auto               ; Auto               ;
; Allow Shift Register Merging across Hierarchies                  ; Auto               ; Auto               ;
; Auto Clock Enable Replacement                                    ; On                 ; On                 ;
; Strict RAM Replacement                                           ; Off                ; Off                ;
; Allow Synchronous Control Signals                                ; On                 ; On                 ;
; Force Use of Synchronous Clear Signals                           ; Off                ; Off                ;
; Auto RAM Block Balancing                                         ; On                 ; On                 ;
; Auto RAM to Logic Cell Conversion                                ; Off                ; Off                ;
; Auto Resource Sharing                                            ; Off                ; Off                ;
; Allow Any RAM Size For Recognition                               ; Off                ; Off                ;
; Allow Any ROM Size For Recognition                               ; Off                ; Off                ;
; Allow Any Shift Register Size For Recognition                    ; Off                ; Off                ;
; Use LogicLock Constraints during Resource Balancing              ; On                 ; On                 ;
; Ignore translate_off and synthesis_off directives                ; Off                ; Off                ;
; Timing-Driven Synthesis                                          ; On                 ; On                 ;
; Report Parameter Settings                                        ; On                 ; On                 ;
; Report Source Assignments                                        ; On                 ; On                 ;
; Report Connectivity Checks                                       ; On                 ; On                 ;
; Ignore Maximum Fan-Out Assignments                               ; Off                ; Off                ;
; Synchronization Register Chain Length                            ; 2                  ; 2                  ;
; Power Optimization During Synthesis                              ; Normal compilation ; Normal compilation ;
; HDL message level                                                ; Level2             ; Level2             ;
; Suppress Register Optimization Related Messages                  ; Off                ; Off                ;
; Number of Removed Registers Reported in Synthesis Report         ; 5000               ; 5000               ;
; Number of Swept Nodes Reported in Synthesis Report               ; 5000               ; 5000               ;
; Number of Inverted Registers Reported in Synthesis Report        ; 100                ; 100                ;
; Clock MUX Protection                                             ; On                 ; On                 ;
; Auto Gated Clock Conversion                                      ; Off                ; Off                ;
; Block Design Naming                                              ; Auto               ; Auto               ;
; SDC constraint protection                                        ; Off                ; Off                ;
; Synthesis Effort                                                 ; Auto               ; Auto               ;
; Shift Register Replacement - Allow Asynchronous Clear Signal     ; On                 ; On                 ;
; Pre-Mapping Resynthesis Optimization                             ; Off                ; Off                ;
; Analysis & Synthesis Message Level                               ; Medium             ; Medium             ;
; Disable Register Merging Across Hierarchies                      ; Auto               ; Auto               ;
; Resource Aware Inference For Block RAM                           ; On                 ; On                 ;
+------------------------------------------------------------------+--------------------+--------------------+


+------------------------------------------+
; Parallel Compilation                     ;
+----------------------------+-------------+
; Processors                 ; Number      ;
+----------------------------+-------------+
; Number detected on machine ; 8           ;
; Maximum allowed            ; 8           ;
;                            ;             ;
; Average used               ; 1.00        ;
; Maximum used               ; 8           ;
;                            ;             ;
; Usage by Processor         ; % Time Used ;
;     Processor 1            ; 100.0%      ;
;     Processors 2-8         ;   0.0%      ;
+----------------------------+-------------+


+------------------------------------------------------------------------------------------------------------------------------------------------------------------------------+
; Analysis & Synthesis Source Files Read                                                                                                                                       ;
+----------------------------------+-----------------+------------------------------+--------------------------------------------------------------------------------+---------+
; File Name with User-Entered Path ; Used in Netlist ; File Type                    ; File Name with Absolute Path                                                   ; Library ;
+----------------------------------+-----------------+------------------------------+--------------------------------------------------------------------------------+---------+
; fms_estado.v                     ; yes             ; User Verilog HDL File        ; C:/Users/pache/OneDrive/Escritorio/Proyecto Digital/fms_estado.v               ;         ;
; niveles.v                        ; yes             ; User Verilog HDL File        ; C:/Users/pache/OneDrive/Escritorio/Proyecto Digital/niveles.v                  ;         ;
; LCD1602_cust_char.v              ; yes             ; User Verilog HDL File        ; C:/Users/pache/OneDrive/Escritorio/Proyecto Digital/LCD1602_cust_char.v        ;         ;
; data.txt                         ; yes             ; User File                    ; C:/Users/pache/OneDrive/Escritorio/Proyecto Digital/data.txt                   ;         ;
; Ultrasonic_Sensor.v              ; yes             ; User Verilog HDL File        ; C:/Users/pache/OneDrive/Escritorio/Proyecto Digital/Ultrasonic_Sensor.v        ;         ;
; sensor_sonido.v                  ; yes             ; User Verilog HDL File        ; C:/Users/pache/OneDrive/Escritorio/Proyecto Digital/sensor_sonido.v            ;         ;
; top_module.v                     ; yes             ; User Verilog HDL File        ; C:/Users/pache/OneDrive/Escritorio/Proyecto Digital/top_module.v               ;         ;
; lpm_divide.tdf                   ; yes             ; Megafunction                 ; c:/intelfpga_lite/23.1std/quartus/libraries/megafunctions/lpm_divide.tdf       ;         ;
; abs_divider.inc                  ; yes             ; Megafunction                 ; c:/intelfpga_lite/23.1std/quartus/libraries/megafunctions/abs_divider.inc      ;         ;
; sign_div_unsign.inc              ; yes             ; Megafunction                 ; c:/intelfpga_lite/23.1std/quartus/libraries/megafunctions/sign_div_unsign.inc  ;         ;
; aglobal231.inc                   ; yes             ; Megafunction                 ; c:/intelfpga_lite/23.1std/quartus/libraries/megafunctions/aglobal231.inc       ;         ;
; db/lpm_divide_g9m.tdf            ; yes             ; Auto-Generated Megafunction  ; C:/Users/pache/OneDrive/Escritorio/Proyecto Digital/db/lpm_divide_g9m.tdf      ;         ;
; db/sign_div_unsign_5kh.tdf       ; yes             ; Auto-Generated Megafunction  ; C:/Users/pache/OneDrive/Escritorio/Proyecto Digital/db/sign_div_unsign_5kh.tdf ;         ;
; db/alt_u_div_u3f.tdf             ; yes             ; Auto-Generated Megafunction  ; C:/Users/pache/OneDrive/Escritorio/Proyecto Digital/db/alt_u_div_u3f.tdf       ;         ;
; db/add_sub_7pc.tdf               ; yes             ; Auto-Generated Megafunction  ; C:/Users/pache/OneDrive/Escritorio/Proyecto Digital/db/add_sub_7pc.tdf         ;         ;
; db/add_sub_8pc.tdf               ; yes             ; Auto-Generated Megafunction  ; C:/Users/pache/OneDrive/Escritorio/Proyecto Digital/db/add_sub_8pc.tdf         ;         ;
+----------------------------------+-----------------+------------------------------+--------------------------------------------------------------------------------+---------+


+---------------------------------------------------------+
; Analysis & Synthesis Resource Usage Summary             ;
+---------------------------------------------+-----------+
; Resource                                    ; Usage     ;
+---------------------------------------------+-----------+
; Estimated Total logic elements              ; 568       ;
;                                             ;           ;
; Total combinational functions               ; 557       ;
; Logic element usage by number of LUT inputs ;           ;
;     -- 4 input functions                    ; 270       ;
;     -- 3 input functions                    ; 67        ;
;     -- <=2 input functions                  ; 220       ;
;                                             ;           ;
; Logic elements by mode                      ;           ;
;     -- normal mode                          ; 372       ;
;     -- arithmetic mode                      ; 185       ;
;                                             ;           ;
; Total registers                             ; 238       ;
;     -- Dedicated logic registers            ; 238       ;
;     -- I/O registers                        ; 0         ;
;                                             ;           ;
; I/O pins                                    ; 30        ;
;                                             ;           ;
; Embedded Multiplier 9-bit elements          ; 0         ;
;                                             ;           ;
; Maximum fan-out node                        ; clk~input ;
; Maximum fan-out                             ; 197       ;
; Total fan-out                               ; 2525      ;
; Average fan-out                             ; 2.95      ;
+---------------------------------------------+-----------+


+--------------------------------------------------------------------------------------------------------------------------------------------------------------------------------------------------------------------------------------------------------------------------------------------------------------------------------------------------------+
; Analysis & Synthesis Resource Utilization by Entity                                                                                                                                                                                                                                                                                                    ;
+-----------------------------------------------+---------------------+---------------------------+-------------+--------------+---------+-----------+------+--------------+----------------------------------------------------------------------------------------------------------------------------------------+---------------------+--------------+
; Compilation Hierarchy Node                    ; Combinational ALUTs ; Dedicated Logic Registers ; Memory Bits ; DSP Elements ; DSP 9x9 ; DSP 18x18 ; Pins ; Virtual Pins ; Full Hierarchy Name                                                                                                                    ; Entity Name         ; Library Name ;
+-----------------------------------------------+---------------------+---------------------------+-------------+--------------+---------+-----------+------+--------------+----------------------------------------------------------------------------------------------------------------------------------------+---------------------+--------------+
; |top_module                                   ; 557 (1)             ; 238 (0)                   ; 0           ; 0            ; 0       ; 0         ; 30   ; 0            ; |top_module                                                                                                                            ; top_module          ; work         ;
;    |LCD1602_cust_char:lcd_inst|               ; 282 (268)           ; 62 (62)                   ; 0           ; 0            ; 0       ; 0         ; 0    ; 0            ; |top_module|LCD1602_cust_char:lcd_inst                                                                                                 ; LCD1602_cust_char   ; work         ;
;       |lpm_divide:Mod0|                       ; 14 (0)              ; 0 (0)                     ; 0           ; 0            ; 0       ; 0         ; 0    ; 0            ; |top_module|LCD1602_cust_char:lcd_inst|lpm_divide:Mod0                                                                                 ; lpm_divide          ; work         ;
;          |lpm_divide_g9m:auto_generated|      ; 14 (0)              ; 0 (0)                     ; 0           ; 0            ; 0       ; 0         ; 0    ; 0            ; |top_module|LCD1602_cust_char:lcd_inst|lpm_divide:Mod0|lpm_divide_g9m:auto_generated                                                   ; lpm_divide_g9m      ; work         ;
;             |sign_div_unsign_5kh:divider|     ; 14 (0)              ; 0 (0)                     ; 0           ; 0            ; 0       ; 0         ; 0    ; 0            ; |top_module|LCD1602_cust_char:lcd_inst|lpm_divide:Mod0|lpm_divide_g9m:auto_generated|sign_div_unsign_5kh:divider                       ; sign_div_unsign_5kh ; work         ;
;                |alt_u_div_u3f:divider|        ; 14 (14)             ; 0 (0)                     ; 0           ; 0            ; 0       ; 0         ; 0    ; 0            ; |top_module|LCD1602_cust_char:lcd_inst|lpm_divide:Mod0|lpm_divide_g9m:auto_generated|sign_div_unsign_5kh:divider|alt_u_div_u3f:divider ; alt_u_div_u3f       ; work         ;
;    |Ultrasonic_Sensor:ultrasonic_sensor_inst| ; 148 (148)           ; 91 (91)                   ; 0           ; 0            ; 0       ; 0         ; 0    ; 0            ; |top_module|Ultrasonic_Sensor:ultrasonic_sensor_inst                                                                                   ; Ultrasonic_Sensor   ; work         ;
;    |fms_estados:fms_estados_inst|             ; 64 (64)             ; 36 (36)                   ; 0           ; 0            ; 0       ; 0         ; 0    ; 0            ; |top_module|fms_estados:fms_estados_inst                                                                                               ; fms_estados         ; work         ;
;    |niveles:niveles_inst|                     ; 62 (62)             ; 48 (48)                   ; 0           ; 0            ; 0       ; 0         ; 0    ; 0            ; |top_module|niveles:niveles_inst                                                                                                       ; niveles             ; work         ;
;    |sensor_sonido:sensor_sonido_inst|         ; 0 (0)               ; 1 (1)                     ; 0           ; 0            ; 0       ; 0         ; 0    ; 0            ; |top_module|sensor_sonido:sensor_sonido_inst                                                                                           ; sensor_sonido       ; work         ;
+-----------------------------------------------+---------------------+---------------------------+-------------+--------------+---------+-----------+------+--------------+----------------------------------------------------------------------------------------------------------------------------------------+---------------------+--------------+
Note: For table entries with two numbers listed, the numbers in parentheses indicate the number of resources of the given type used by the specific entity alone. The numbers listed outside of parentheses indicate the total resources of the given type used by the specific entity and all of its sub-entities in the hierarchy.


Encoding Type:  One-Hot
+-------------------------------------------------------------------------------------------------------------------------------------------------------------+
; State Machine - |top_module|LCD1602_cust_char:lcd_inst|create_char_task                                                                                     ;
+---------------------------------+----------------------------+-----------------------------+------------------------------+---------------------------------+
; Name                            ; create_char_task.WRITE_LCD ; create_char_task.SET_CURSOR ; create_char_task.WRITE_CHARS ; create_char_task.SET_CGRAM_ADDR ;
+---------------------------------+----------------------------+-----------------------------+------------------------------+---------------------------------+
; create_char_task.SET_CGRAM_ADDR ; 0                          ; 0                           ; 0                            ; 0                               ;
; create_char_task.WRITE_CHARS    ; 0                          ; 0                           ; 1                            ; 1                               ;
; create_char_task.SET_CURSOR     ; 0                          ; 1                           ; 0                            ; 1                               ;
; create_char_task.WRITE_LCD      ; 1                          ; 0                           ; 0                            ; 1                               ;
+---------------------------------+----------------------------+-----------------------------+------------------------------+---------------------------------+


Encoding Type:  One-Hot
+-------------------------------------------------------------------------------------------------------------------------------------------------------------------------------------------+
; State Machine - |top_module|LCD1602_cust_char:lcd_inst|fsm_state                                                                                                                          ;
+--------------------------------+--------------------------------+---------------------------+------------------------+---------------------------+-----------------------+----------------+
; Name                           ; fsm_state.SET_CURSOR_AND_WRITE ; fsm_state.CLEAR_COUNTERS1 ; fsm_state.CREATE_CHARS ; fsm_state.CLEAR_COUNTERS0 ; fsm_state.INIT_CONFIG ; fsm_state.IDLE ;
+--------------------------------+--------------------------------+---------------------------+------------------------+---------------------------+-----------------------+----------------+
; fsm_state.IDLE                 ; 0                              ; 0                         ; 0                      ; 0                         ; 0                     ; 0              ;
; fsm_state.INIT_CONFIG          ; 0                              ; 0                         ; 0                      ; 0                         ; 1                     ; 1              ;
; fsm_state.CLEAR_COUNTERS0      ; 0                              ; 0                         ; 0                      ; 1                         ; 0                     ; 1              ;
; fsm_state.CREATE_CHARS         ; 0                              ; 0                         ; 1                      ; 0                         ; 0                     ; 1              ;
; fsm_state.CLEAR_COUNTERS1      ; 0                              ; 1                         ; 0                      ; 0                         ; 0                     ; 1              ;
; fsm_state.SET_CURSOR_AND_WRITE ; 1                              ; 0                         ; 0                      ; 0                         ; 0                     ; 1              ;
+--------------------------------+--------------------------------+---------------------------+------------------------+---------------------------+-----------------------+----------------+


+----------------------------------------------------------------------------------------+
; Registers Removed During Synthesis                                                     ;
+-----------------------------------------------+----------------------------------------+
; Register name                                 ; Reason for Removal                     ;
+-----------------------------------------------+----------------------------------------+
; LCD1602_cust_char:lcd_inst|create_char_task~6 ; Lost fanout                            ;
; LCD1602_cust_char:lcd_inst|create_char_task~7 ; Lost fanout                            ;
; LCD1602_cust_char:lcd_inst|fsm_state~2        ; Lost fanout                            ;
; LCD1602_cust_char:lcd_inst|fsm_state~3        ; Lost fanout                            ;
; LCD1602_cust_char:lcd_inst|fsm_state~4        ; Lost fanout                            ;
; LCD1602_cust_char:lcd_inst|fsm_state~5        ; Lost fanout                            ;
; LCD1602_cust_char:lcd_inst|char_counter[3]    ; Stuck at GND due to stuck port data_in ;
; Total Number of Removed Registers = 7         ;                                        ;
+-----------------------------------------------+----------------------------------------+


+------------------------------------------------------+
; General Register Statistics                          ;
+----------------------------------------------+-------+
; Statistic                                    ; Value ;
+----------------------------------------------+-------+
; Total registers                              ; 238   ;
; Number of registers using Synchronous Clear  ; 121   ;
; Number of registers using Synchronous Load   ; 32    ;
; Number of registers using Asynchronous Clear ; 36    ;
; Number of registers using Asynchronous Load  ; 0     ;
; Number of registers using Clock Enable       ; 68    ;
; Number of registers using Preset             ; 0     ;
+----------------------------------------------+-------+


+---------------------------------------------------+
; Inverted Register Statistics                      ;
+-----------------------------------------+---------+
; Inverted Register                       ; Fan out ;
+-----------------------------------------+---------+
; niveles:niveles_inst|nivel_hambre[0]    ; 7       ;
; niveles:niveles_inst|nivel_diversion[0] ; 8       ;
; niveles:niveles_inst|nivel_diversion[2] ; 7       ;
; Total number of inverted registers = 3  ;         ;
+-----------------------------------------+---------+


+-------------------------------------------------------------------------------------------------------------------------------------------------------------------------------------+
; Multiplexer Restructuring Statistics (Restructuring Performed)                                                                                                                      ;
+--------------------+-----------+---------------+----------------------+------------------------+------------+-----------------------------------------------------------------------+
; Multiplexer Inputs ; Bus Width ; Baseline Area ; Area if Restructured ; Saving if Restructured ; Registered ; Example Multiplexer Output                                            ;
+--------------------+-----------+---------------+----------------------+------------------------+------------+-----------------------------------------------------------------------+
; 3:1                ; 24 bits   ; 48 LEs        ; 48 LEs               ; 0 LEs                  ; Yes        ; |top_module|Ultrasonic_Sensor:ultrasonic_sensor_inst|trigger_count[5] ;
; 3:1                ; 32 bits   ; 64 LEs        ; 32 LEs               ; 32 LEs                 ; Yes        ; |top_module|Ultrasonic_Sensor:ultrasonic_sensor_inst|delay_count[31]  ;
; 3:1                ; 32 bits   ; 64 LEs        ; 32 LEs               ; 32 LEs                 ; Yes        ; |top_module|Ultrasonic_Sensor:ultrasonic_sensor_inst|echo_time[7]     ;
; 3:1                ; 3 bits    ; 6 LEs         ; 3 LEs                ; 3 LEs                  ; Yes        ; |top_module|LCD1602_cust_char:lcd_inst|command_counter[0]             ;
; 3:1                ; 32 bits   ; 64 LEs        ; 32 LEs               ; 32 LEs                 ; Yes        ; |top_module|fms_estados:fms_estados_inst|test_counter[28]             ;
; 4:1                ; 2 bits    ; 4 LEs         ; 2 LEs                ; 2 LEs                  ; Yes        ; |top_module|niveles:niveles_inst|nivel_hambre[1]                      ;
; 8:1                ; 4 bits    ; 20 LEs        ; 4 LEs                ; 16 LEs                 ; Yes        ; |top_module|LCD1602_cust_char:lcd_inst|cgram_addrs_counter[3]         ;
; 4:1                ; 2 bits    ; 4 LEs         ; 2 LEs                ; 2 LEs                  ; Yes        ; |top_module|niveles:niveles_inst|nivel_diversion[2]                   ;
; 3:1                ; 4 bits    ; 8 LEs         ; 8 LEs                ; 0 LEs                  ; No         ; |top_module|LCD1602_cust_char:lcd_inst|char_counter                   ;
+--------------------+-----------+---------------+----------------------+------------------------+------------+-----------------------------------------------------------------------+


+-------------------------------------------------------------------+
; Parameter Settings for User Entity Instance: niveles:niveles_inst ;
+--------------------+----------+-----------------------------------+
; Parameter Name     ; Value    ; Type                              ;
+--------------------+----------+-----------------------------------+
; CLK_FREQ           ; 50000000 ; Signed Integer                    ;
; SEGUNDOS_EN_MINUTO ; 15       ; Signed Integer                    ;
+--------------------+----------+-----------------------------------+
Note: In order to hide this table in the UI and the text report file, please set the "Show Parameter Settings in Synthesis Report" option in "Analysis and Synthesis Settings -> More Settings" to "Off".


+---------------------------------------------------------------------------------------+
; Parameter Settings for User Entity Instance: Ultrasonic_Sensor:ultrasonic_sensor_inst ;
+--------------------+----------+-------------------------------------------------------+
; Parameter Name     ; Value    ; Type                                                  ;
+--------------------+----------+-------------------------------------------------------+
; CLOCK_FREQ         ; 50000000 ; Signed Integer                                        ;
; SOUND_SPEED        ; 34300    ; Signed Integer                                        ;
; DISTANCE_THRESHOLD ; 10       ; Signed Integer                                        ;
; TIME_THRESHOLD     ; 58309    ; Signed Integer                                        ;
+--------------------+----------+-------------------------------------------------------+
Note: In order to hide this table in the UI and the text report file, please set the "Show Parameter Settings in Synthesis Report" option in "Analysis and Synthesis Settings -> More Settings" to "Off".


+-------------------------------------------------------------------------+
; Parameter Settings for User Entity Instance: LCD1602_cust_char:lcd_inst ;
+-----------------+--------+----------------------------------------------+
; Parameter Name  ; Value  ; Type                                         ;
+-----------------+--------+----------------------------------------------+
; num_commands    ; 3      ; Signed Integer                               ;
; num_data_all    ; 384    ; Signed Integer                               ;
; char_data       ; 8      ; Signed Integer                               ;
; num_cgram_addrs ; 6      ; Signed Integer                               ;
; COUNT_MAX       ; 800000 ; Signed Integer                               ;
+-----------------+--------+----------------------------------------------+
Note: In order to hide this table in the UI and the text report file, please set the "Show Parameter Settings in Synthesis Report" option in "Analysis and Synthesis Settings -> More Settings" to "Off".


+---------------------------------------------------------------------------------------------+
; Parameter Settings for Inferred Entity Instance: LCD1602_cust_char:lcd_inst|lpm_divide:Mod0 ;
+------------------------+----------------+---------------------------------------------------+
; Parameter Name         ; Value          ; Type                                              ;
+------------------------+----------------+---------------------------------------------------+
; LPM_WIDTHN             ; 4              ; Untyped                                           ;
; LPM_WIDTHD             ; 2              ; Untyped                                           ;
; LPM_NREPRESENTATION    ; UNSIGNED       ; Untyped                                           ;
; LPM_DREPRESENTATION    ; UNSIGNED       ; Untyped                                           ;
; LPM_PIPELINE           ; 0              ; Untyped                                           ;
; LPM_REMAINDERPOSITIVE  ; TRUE           ; Untyped                                           ;
; MAXIMIZE_SPEED         ; 5              ; Untyped                                           ;
; CBXI_PARAMETER         ; lpm_divide_g9m ; Untyped                                           ;
; CARRY_CHAIN            ; MANUAL         ; Untyped                                           ;
; OPTIMIZE_FOR_SPEED     ; 5              ; Untyped                                           ;
; AUTO_CARRY_CHAINS      ; ON             ; AUTO_CARRY                                        ;
; IGNORE_CARRY_BUFFERS   ; OFF            ; IGNORE_CARRY                                      ;
; AUTO_CASCADE_CHAINS    ; ON             ; AUTO_CASCADE                                      ;
; IGNORE_CASCADE_BUFFERS ; OFF            ; IGNORE_CASCADE                                    ;
+------------------------+----------------+---------------------------------------------------+
Note: In order to hide this table in the UI and the text report file, please set the "Show Parameter Settings in Synthesis Report" option in "Analysis and Synthesis Settings -> More Settings" to "Off".


+--------------------------------------------------------+
; Port Connectivity Checks: "LCD1602_cust_char:lcd_inst" ;
+---------+-------+----------+---------------------------+
; Port    ; Type  ; Severity ; Details                   ;
+---------+-------+----------+---------------------------+
; ready_i ; Input ; Info     ; Stuck at VCC              ;
+---------+-------+----------+---------------------------+


+---------------------------------------------------------------------------------------------------------------------------+
; Port Connectivity Checks: "niveles:niveles_inst"                                                                          ;
+-----------------+--------+----------+-------------------------------------------------------------------------------------+
; Port            ; Type   ; Severity ; Details                                                                             ;
+-----------------+--------+----------+-------------------------------------------------------------------------------------+
; reset_debounced ; Output ; Info     ; Connected to dangling logic. Logic that only feeds a dangling port will be removed. ;
; test_debounced  ; Output ; Info     ; Connected to dangling logic. Logic that only feeds a dangling port will be removed. ;
+-----------------+--------+----------+-------------------------------------------------------------------------------------+


+-----------------------------------------------------+
; Post-Synthesis Netlist Statistics for Top Partition ;
+-----------------------+-----------------------------+
; Type                  ; Count                       ;
+-----------------------+-----------------------------+
; boundary_port         ; 30                          ;
; cycloneiii_ff         ; 238                         ;
;     CLR               ; 4                           ;
;     CLR SCLR          ; 32                          ;
;     ENA               ; 34                          ;
;     ENA SCLR          ; 34                          ;
;     SCLR              ; 55                          ;
;     SLD               ; 32                          ;
;     plain             ; 47                          ;
; cycloneiii_lcell_comb ; 560                         ;
;     arith             ; 185                         ;
;         2 data inputs ; 178                         ;
;         3 data inputs ; 7                           ;
;     normal            ; 375                         ;
;         0 data inputs ; 3                           ;
;         1 data inputs ; 10                          ;
;         2 data inputs ; 32                          ;
;         3 data inputs ; 60                          ;
;         4 data inputs ; 270                         ;
;                       ;                             ;
; Max LUT depth         ; 9.20                        ;
; Average LUT depth     ; 4.44                        ;
+-----------------------+-----------------------------+


+-------------------------------+
; Elapsed Time Per Partition    ;
+----------------+--------------+
; Partition Name ; Elapsed Time ;
+----------------+--------------+
; Top            ; 00:00:04     ;
+----------------+--------------+


+-------------------------------+
; Analysis & Synthesis Messages ;
+-------------------------------+
Info: *******************************************************************
Info: Running Quartus Prime Analysis & Synthesis
    Info: Version 23.1std.0 Build 991 11/28/2023 SC Lite Edition
    Info: Processing started: Sun Sep 15 16:10:26 2024
Info: Command: quartus_map --read_settings_files=on --write_settings_files=off tamagotchi -c tamagotchi
Warning (18236): Number of processors has not been specified which may cause overloading on shared machines.  Set the global assignment NUM_PARALLEL_PROCESSORS in your QSF to an appropriate value for best performance.
Info (20030): Parallel compilation is enabled and will use 8 of the 8 processors detected
Info (12021): Found 1 design units, including 1 entities, in source file fms_estado.v
    Info (12023): Found entity 1: fms_estados File: C:/Users/pache/OneDrive/Escritorio/Proyecto Digital/fms_estado.v Line: 1
Info (12021): Found 1 design units, including 1 entities, in source file niveles.v
    Info (12023): Found entity 1: niveles File: C:/Users/pache/OneDrive/Escritorio/Proyecto Digital/niveles.v Line: 1
Info (12021): Found 1 design units, including 1 entities, in source file lcd1602_cust_char.v
    Info (12023): Found entity 1: LCD1602_cust_char File: C:/Users/pache/OneDrive/Escritorio/Proyecto Digital/LCD1602_cust_char.v Line: 1
Info (12021): Found 1 design units, including 1 entities, in source file ultrasonic_sensor.v
    Info (12023): Found entity 1: Ultrasonic_Sensor File: C:/Users/pache/OneDrive/Escritorio/Proyecto Digital/Ultrasonic_Sensor.v Line: 1
Info (12021): Found 1 design units, including 1 entities, in source file sensor_sonido.v
    Info (12023): Found entity 1: sensor_sonido File: C:/Users/pache/OneDrive/Escritorio/Proyecto Digital/sensor_sonido.v Line: 1
Info (12021): Found 1 design units, including 1 entities, in source file top_module.v
    Info (12023): Found entity 1: top_module File: C:/Users/pache/OneDrive/Escritorio/Proyecto Digital/top_module.v Line: 1
Info (12127): Elaborating entity "top_module" for the top level hierarchy
Info (12128): Elaborating entity "niveles" for hierarchy "niveles:niveles_inst" File: C:/Users/pache/OneDrive/Escritorio/Proyecto Digital/top_module.v Line: 39
Warning (10036): Verilog HDL or VHDL warning at niveles.v(21): object "test_db" assigned a value but never read File: C:/Users/pache/OneDrive/Escritorio/Proyecto Digital/niveles.v Line: 21
Warning (10230): Verilog HDL assignment warning at niveles.v(63): truncated value with size 32 to match size of target (3) File: C:/Users/pache/OneDrive/Escritorio/Proyecto Digital/niveles.v Line: 63
Warning (10230): Verilog HDL assignment warning at niveles.v(68): truncated value with size 32 to match size of target (3) File: C:/Users/pache/OneDrive/Escritorio/Proyecto Digital/niveles.v Line: 68
Warning (10230): Verilog HDL assignment warning at niveles.v(74): truncated value with size 32 to match size of target (3) File: C:/Users/pache/OneDrive/Escritorio/Proyecto Digital/niveles.v Line: 74
Warning (10230): Verilog HDL assignment warning at niveles.v(78): truncated value with size 32 to match size of target (3) File: C:/Users/pache/OneDrive/Escritorio/Proyecto Digital/niveles.v Line: 78
Warning (10034): Output port "reset_debounced" at niveles.v(9) has no driver File: C:/Users/pache/OneDrive/Escritorio/Proyecto Digital/niveles.v Line: 9
Warning (10034): Output port "test_debounced" at niveles.v(11) has no driver File: C:/Users/pache/OneDrive/Escritorio/Proyecto Digital/niveles.v Line: 11
Info (12128): Elaborating entity "fms_estados" for hierarchy "fms_estados:fms_estados_inst" File: C:/Users/pache/OneDrive/Escritorio/Proyecto Digital/top_module.v Line: 51
Info (12128): Elaborating entity "Ultrasonic_Sensor" for hierarchy "Ultrasonic_Sensor:ultrasonic_sensor_inst" File: C:/Users/pache/OneDrive/Escritorio/Proyecto Digital/top_module.v Line: 59
Warning (10230): Verilog HDL assignment warning at Ultrasonic_Sensor.v(36): truncated value with size 32 to match size of target (24) File: C:/Users/pache/OneDrive/Escritorio/Proyecto Digital/Ultrasonic_Sensor.v Line: 36
Warning (10230): Verilog HDL assignment warning at Ultrasonic_Sensor.v(42): truncated value with size 32 to match size of target (24) File: C:/Users/pache/OneDrive/Escritorio/Proyecto Digital/Ultrasonic_Sensor.v Line: 42
Info (12128): Elaborating entity "sensor_sonido" for hierarchy "sensor_sonido:sensor_sonido_inst" File: C:/Users/pache/OneDrive/Escritorio/Proyecto Digital/top_module.v Line: 66
Info (12128): Elaborating entity "LCD1602_cust_char" for hierarchy "LCD1602_cust_char:lcd_inst" File: C:/Users/pache/OneDrive/Escritorio/Proyecto Digital/top_module.v Line: 78
Warning (10230): Verilog HDL assignment warning at LCD1602_cust_char.v(112): truncated value with size 32 to match size of target (20) File: C:/Users/pache/OneDrive/Escritorio/Proyecto Digital/LCD1602_cust_char.v Line: 112
Warning (10230): Verilog HDL assignment warning at LCD1602_cust_char.v(170): truncated value with size 32 to match size of target (3) File: C:/Users/pache/OneDrive/Escritorio/Proyecto Digital/LCD1602_cust_char.v Line: 170
Warning (10230): Verilog HDL assignment warning at LCD1602_cust_char.v(194): truncated value with size 32 to match size of target (10) File: C:/Users/pache/OneDrive/Escritorio/Proyecto Digital/LCD1602_cust_char.v Line: 194
Warning (10230): Verilog HDL assignment warning at LCD1602_cust_char.v(198): truncated value with size 32 to match size of target (4) File: C:/Users/pache/OneDrive/Escritorio/Proyecto Digital/LCD1602_cust_char.v Line: 198
Warning (10230): Verilog HDL assignment warning at LCD1602_cust_char.v(200): truncated value with size 32 to match size of target (4) File: C:/Users/pache/OneDrive/Escritorio/Proyecto Digital/LCD1602_cust_char.v Line: 200
Info (10264): Verilog HDL Case Statement information at LCD1602_cust_char.v(186): all case item expressions in this case statement are onehot File: C:/Users/pache/OneDrive/Escritorio/Proyecto Digital/LCD1602_cust_char.v Line: 186
Warning (10230): Verilog HDL assignment warning at LCD1602_cust_char.v(215): truncated value with size 32 to match size of target (8) File: C:/Users/pache/OneDrive/Escritorio/Proyecto Digital/LCD1602_cust_char.v Line: 215
Warning (10230): Verilog HDL assignment warning at LCD1602_cust_char.v(224): truncated value with size 32 to match size of target (4) File: C:/Users/pache/OneDrive/Escritorio/Proyecto Digital/LCD1602_cust_char.v Line: 224
Info (10264): Verilog HDL Case Statement information at LCD1602_cust_char.v(213): all case item expressions in this case statement are onehot File: C:/Users/pache/OneDrive/Escritorio/Proyecto Digital/LCD1602_cust_char.v Line: 213
Warning (10230): Verilog HDL assignment warning at LCD1602_cust_char.v(235): truncated value with size 32 to match size of target (1) File: C:/Users/pache/OneDrive/Escritorio/Proyecto Digital/LCD1602_cust_char.v Line: 235
Warning (10030): Net "data_memory.data_a" at LCD1602_cust_char.v(67) has no driver or initial value, using a default initial value '0' File: C:/Users/pache/OneDrive/Escritorio/Proyecto Digital/LCD1602_cust_char.v Line: 67
Warning (10030): Net "data_memory.waddr_a" at LCD1602_cust_char.v(67) has no driver or initial value, using a default initial value '0' File: C:/Users/pache/OneDrive/Escritorio/Proyecto Digital/LCD1602_cust_char.v Line: 67
Warning (10030): Net "config_memory.data_a" at LCD1602_cust_char.v(68) has no driver or initial value, using a default initial value '0' File: C:/Users/pache/OneDrive/Escritorio/Proyecto Digital/LCD1602_cust_char.v Line: 68
Warning (10030): Net "config_memory.waddr_a" at LCD1602_cust_char.v(68) has no driver or initial value, using a default initial value '0' File: C:/Users/pache/OneDrive/Escritorio/Proyecto Digital/LCD1602_cust_char.v Line: 68
Warning (10030): Net "cgram_addrs.data_a" at LCD1602_cust_char.v(69) has no driver or initial value, using a default initial value '0' File: C:/Users/pache/OneDrive/Escritorio/Proyecto Digital/LCD1602_cust_char.v Line: 69
Warning (10030): Net "cgram_addrs.waddr_a" at LCD1602_cust_char.v(69) has no driver or initial value, using a default initial value '0' File: C:/Users/pache/OneDrive/Escritorio/Proyecto Digital/LCD1602_cust_char.v Line: 69
Warning (10030): Net "data_memory.we_a" at LCD1602_cust_char.v(67) has no driver or initial value, using a default initial value '0' File: C:/Users/pache/OneDrive/Escritorio/Proyecto Digital/LCD1602_cust_char.v Line: 67
Warning (10030): Net "config_memory.we_a" at LCD1602_cust_char.v(68) has no driver or initial value, using a default initial value '0' File: C:/Users/pache/OneDrive/Escritorio/Proyecto Digital/LCD1602_cust_char.v Line: 68
Warning (10030): Net "cgram_addrs.we_a" at LCD1602_cust_char.v(69) has no driver or initial value, using a default initial value '0' File: C:/Users/pache/OneDrive/Escritorio/Proyecto Digital/LCD1602_cust_char.v Line: 69
Info (276014): Found 3 instances of uninferred RAM logic
    Info (276007): RAM logic "LCD1602_cust_char:lcd_inst|data_memory" is uninferred due to asynchronous read logic File: C:/Users/pache/OneDrive/Escritorio/Proyecto Digital/LCD1602_cust_char.v Line: 67
    Info (276004): RAM logic "LCD1602_cust_char:lcd_inst|cgram_addrs" is uninferred due to inappropriate RAM size File: C:/Users/pache/OneDrive/Escritorio/Proyecto Digital/LCD1602_cust_char.v Line: 69
    Info (276004): RAM logic "LCD1602_cust_char:lcd_inst|config_memory" is uninferred due to inappropriate RAM size File: C:/Users/pache/OneDrive/Escritorio/Proyecto Digital/LCD1602_cust_char.v Line: 68
Critical Warning (127005): Memory depth (512) in the design file differs from memory depth (384) in the Memory Initialization File "C:/Users/pache/OneDrive/Escritorio/Proyecto Digital/db/tamagotchi.ram0_LCD1602_cust_char_a74a243c.hdl.mif" -- setting initial value for remaining addresses to 0
Critical Warning (127005): Memory depth (8) in the design file differs from memory depth (6) in the Memory Initialization File "C:/Users/pache/OneDrive/Escritorio/Proyecto Digital/db/tamagotchi.ram2_LCD1602_cust_char_a74a243c.hdl.mif" -- setting initial value for remaining addresses to 0
Critical Warning (127005): Memory depth (4) in the design file differs from memory depth (3) in the Memory Initialization File "C:/Users/pache/OneDrive/Escritorio/Proyecto Digital/db/tamagotchi.ram1_LCD1602_cust_char_a74a243c.hdl.mif" -- setting initial value for remaining addresses to 0
Info (278001): Inferred 1 megafunctions from design logic
    Info (278004): Inferred divider/modulo megafunction ("lpm_divide") from the following logic: "LCD1602_cust_char:lcd_inst|Mod0" File: C:/Users/pache/OneDrive/Escritorio/Proyecto Digital/LCD1602_cust_char.v Line: 215
Info (12130): Elaborated megafunction instantiation "LCD1602_cust_char:lcd_inst|lpm_divide:Mod0" File: C:/Users/pache/OneDrive/Escritorio/Proyecto Digital/LCD1602_cust_char.v Line: 215
Info (12133): Instantiated megafunction "LCD1602_cust_char:lcd_inst|lpm_divide:Mod0" with the following parameter: File: C:/Users/pache/OneDrive/Escritorio/Proyecto Digital/LCD1602_cust_char.v Line: 215
    Info (12134): Parameter "LPM_WIDTHN" = "4"
    Info (12134): Parameter "LPM_WIDTHD" = "2"
    Info (12134): Parameter "LPM_NREPRESENTATION" = "UNSIGNED"
    Info (12134): Parameter "LPM_DREPRESENTATION" = "UNSIGNED"
Info (12021): Found 1 design units, including 1 entities, in source file db/lpm_divide_g9m.tdf
    Info (12023): Found entity 1: lpm_divide_g9m File: C:/Users/pache/OneDrive/Escritorio/Proyecto Digital/db/lpm_divide_g9m.tdf Line: 25
Info (12021): Found 1 design units, including 1 entities, in source file db/sign_div_unsign_5kh.tdf
    Info (12023): Found entity 1: sign_div_unsign_5kh File: C:/Users/pache/OneDrive/Escritorio/Proyecto Digital/db/sign_div_unsign_5kh.tdf Line: 25
Info (12021): Found 1 design units, including 1 entities, in source file db/alt_u_div_u3f.tdf
    Info (12023): Found entity 1: alt_u_div_u3f File: C:/Users/pache/OneDrive/Escritorio/Proyecto Digital/db/alt_u_div_u3f.tdf Line: 27
Info (12021): Found 1 design units, including 1 entities, in source file db/add_sub_7pc.tdf
    Info (12023): Found entity 1: add_sub_7pc File: C:/Users/pache/OneDrive/Escritorio/Proyecto Digital/db/add_sub_7pc.tdf Line: 23
Info (12021): Found 1 design units, including 1 entities, in source file db/add_sub_8pc.tdf
    Info (12023): Found entity 1: add_sub_8pc File: C:/Users/pache/OneDrive/Escritorio/Proyecto Digital/db/add_sub_8pc.tdf Line: 23
Warning (13024): Output pins are stuck at VCC or GND
    Warning (13410): Pin "rw_lcd" is stuck at GND File: C:/Users/pache/OneDrive/Escritorio/Proyecto Digital/top_module.v Line: 14
Info (286030): Timing-Driven Synthesis is running
Info (17049): 6 registers lost all their fanouts during netlist optimizations.
Info (144001): Generated suppressed messages file C:/Users/pache/OneDrive/Escritorio/Proyecto Digital/output_files/tamagotchi.map.smsg
Info (16010): Generating hard_block partition "hard_block:auto_generated_inst"
    Info (16011): Adding 0 node(s), including 0 DDIO, 0 PLL, 0 transceiver and 0 LCELL
Info (21057): Implemented 600 device resources after synthesis - the final resource count might be different
    Info (21058): Implemented 7 input pins
    Info (21059): Implemented 23 output pins
    Info (21061): Implemented 570 logic cells
Info: Quartus Prime Analysis & Synthesis was successful. 0 errors, 32 warnings
    Info: Peak virtual memory: 4807 megabytes
    Info: Processing ended: Sun Sep 15 16:10:44 2024
    Info: Elapsed time: 00:00:18
    Info: Total CPU time (on all processors): 00:00:22


+------------------------------------------+
; Analysis & Synthesis Suppressed Messages ;
+------------------------------------------+
The suppressed messages can be found in C:/Users/pache/OneDrive/Escritorio/Proyecto Digital/output_files/tamagotchi.map.smsg.


