Flow report for VersionFinalTamaguchi
Sat Sep 21 15:50:01 2024
Quartus Prime Version 23.1std.0 Build 991 11/28/2023 SC Lite Edition


---------------------
; Table of Contents ;
---------------------
  1. Legal Notice
  2. Flow Summary
  3. Flow Settings
  4. Flow Non-Default Global Settings
  5. Flow Elapsed Time
  6. Flow OS Summary
  7. Flow Log
  8. Flow Messages
  9. Flow Suppressed Messages



----------------
; Legal Notice ;
----------------
Copyright (C) 2023  Intel Corporation. All rights reserved.
Your use of Intel Corporation's design tools, logic functions 
and other software and tools, and any partner logic 
functions, and any output files from any of the foregoing 
(including device programming or simulation files), and any 
associated documentation or information are expressly subject 
to the terms and conditions of the Intel Program License 
Subscription Agreement, the Intel Quartus Prime License Agreement,
the Intel FPGA IP License Agreement, or other applicable license
agreement, including, without limitation, that your use is for
the sole purpose of programming logic devices manufactured by
Intel and sold by Intel or its authorized distributors.  Please
refer to the applicable agreement for further details, at
https://fpgasoftware.intel.com/eula.



+-------------------------------------------------------------------------------------+
; Flow Summary                                                                        ;
+------------------------------------+------------------------------------------------+
; Flow Status                        ; Successful - Sat Sep 21 15:50:01 2024          ;
; Quartus Prime Version              ; 23.1std.0 Build 991 11/28/2023 SC Lite Edition ;
; Revision Name                      ; VersionFinalTamaguchi                          ;
; Top-level Entity Name              ; top_module                                     ;
; Family                             ; Cyclone IV E                                   ;
; Device                             ; EP4CE6E22C8                                    ;
; Timing Models                      ; Final                                          ;
; Total logic elements               ; 595 / 6,272 ( 9 % )                            ;
;     Total combinational functions  ; 589 / 6,272 ( 9 % )                            ;
;     Dedicated logic registers      ; 250 / 6,272 ( 4 % )                            ;
; Total registers                    ; 250                                            ;
; Total pins                         ; 30 / 92 ( 33 % )                               ;
; Total virtual pins                 ; 0                                              ;
; Total memory bits                  ; 0 / 276,480 ( 0 % )                            ;
; Embedded Multiplier 9-bit elements ; 0 / 30 ( 0 % )                                 ;
; Total PLLs                         ; 0 / 2 ( 0 % )                                  ;
+------------------------------------+------------------------------------------------+


+-------------------------------------------+
; Flow Settings                             ;
+-------------------+-----------------------+
; Option            ; Setting               ;
+-------------------+-----------------------+
; Start date & time ; 09/21/2024 15:49:25   ;
; Main task         ; Compilation           ;
; Revision Name     ; VersionFinalTamaguchi ;
+-------------------+-----------------------+


+--------------------------------------------------------------------------------------------------------------------------------------------------------+
; Flow Non-Default Global Settings                                                                                                                       ;
+-------------------------------------+----------------------------------------+-----------------------+-------------+-----------------------------------+
; Assignment Name                     ; Value                                  ; Default Value         ; Entity Name ; Section Id                        ;
+-------------------------------------+----------------------------------------+-----------------------+-------------+-----------------------------------+
; COMPILER_SIGNATURE_ID               ; 143143894947149.172695176504980        ; --                    ; --          ; --                                ;
; EDA_GENERATE_FUNCTIONAL_NETLIST     ; Off                                    ; --                    ; --          ; eda_board_design_timing           ;
; EDA_GENERATE_FUNCTIONAL_NETLIST     ; Off                                    ; --                    ; --          ; eda_board_design_boundary_scan    ;
; EDA_GENERATE_FUNCTIONAL_NETLIST     ; Off                                    ; --                    ; --          ; eda_board_design_signal_integrity ;
; EDA_GENERATE_FUNCTIONAL_NETLIST     ; Off                                    ; --                    ; --          ; eda_board_design_symbol           ;
; EDA_OUTPUT_DATA_FORMAT              ; Verilog Hdl                            ; --                    ; --          ; eda_simulation                    ;
; EDA_SIMULATION_TOOL                 ; Questa Intel FPGA (Verilog)            ; <None>                ; --          ; --                                ;
; EDA_TIME_SCALE                      ; 1 ps                                   ; --                    ; --          ; eda_simulation                    ;
; MAX_CORE_JUNCTION_TEMP              ; 85                                     ; --                    ; --          ; --                                ;
; MIN_CORE_JUNCTION_TEMP              ; 0                                      ; --                    ; --          ; --                                ;
; NOMINAL_CORE_SUPPLY_VOLTAGE         ; 1.2V                                   ; --                    ; --          ; --                                ;
; OUTPUT_IO_TIMING_FAR_END_VMEAS      ; Half Signal Swing                      ; --                    ; --          ; --                                ;
; OUTPUT_IO_TIMING_FAR_END_VMEAS      ; Half Signal Swing                      ; --                    ; --          ; --                                ;
; OUTPUT_IO_TIMING_NEAR_END_VMEAS     ; Half Vccio                             ; --                    ; --          ; --                                ;
; OUTPUT_IO_TIMING_NEAR_END_VMEAS     ; Half Vccio                             ; --                    ; --          ; --                                ;
; PARTITION_COLOR                     ; -- (Not supported for targeted family) ; --                    ; top_module  ; Top                               ;
; PARTITION_FITTER_PRESERVATION_LEVEL ; -- (Not supported for targeted family) ; --                    ; top_module  ; Top                               ;
; PARTITION_NETLIST_TYPE              ; -- (Not supported for targeted family) ; --                    ; top_module  ; Top                               ;
; PROJECT_OUTPUT_DIRECTORY            ; output_files                           ; --                    ; --          ; --                                ;
; TOP_LEVEL_ENTITY                    ; top_module                             ; VersionFinalTamaguchi ; --          ; --                                ;
+-------------------------------------+----------------------------------------+-----------------------+-------------+-----------------------------------+


+--------------------------------------------------------------------------------------------------------------------------+
; Flow Elapsed Time                                                                                                        ;
+----------------------+--------------+-------------------------+---------------------+------------------------------------+
; Module Name          ; Elapsed Time ; Average Processors Used ; Peak Virtual Memory ; Total CPU Time (on all processors) ;
+----------------------+--------------+-------------------------+---------------------+------------------------------------+
; Analysis & Synthesis ; 00:00:17     ; 1.0                     ; 4807 MB             ; 00:00:22                           ;
; Fitter               ; 00:00:10     ; 1.1                     ; 5824 MB             ; 00:00:06                           ;
; Assembler            ; 00:00:01     ; 1.0                     ; 4683 MB             ; 00:00:01                           ;
; Timing Analyzer      ; 00:00:03     ; 1.1                     ; 4838 MB             ; 00:00:01                           ;
; EDA Netlist Writer   ; 00:00:01     ; 1.0                     ; 4638 MB             ; 00:00:01                           ;
; Total                ; 00:00:32     ; --                      ; --                  ; 00:00:31                           ;
+----------------------+--------------+-------------------------+---------------------+------------------------------------+


+------------------------------------------------------------------------------------+
; Flow OS Summary                                                                    ;
+----------------------+------------------+------------+------------+----------------+
; Module Name          ; Machine Hostname ; OS Name    ; OS Version ; Processor type ;
+----------------------+------------------+------------+------------+----------------+
; Analysis & Synthesis ; Duvan            ; Windows 10 ; 10.0       ; x86_64         ;
; Fitter               ; Duvan            ; Windows 10 ; 10.0       ; x86_64         ;
; Assembler            ; Duvan            ; Windows 10 ; 10.0       ; x86_64         ;
; Timing Analyzer      ; Duvan            ; Windows 10 ; 10.0       ; x86_64         ;
; EDA Netlist Writer   ; Duvan            ; Windows 10 ; 10.0       ; x86_64         ;
+----------------------+------------------+------------+------------+----------------+


------------
; Flow Log ;
------------
quartus_map --read_settings_files=on --write_settings_files=off VersionFinalTamaguchi -c VersionFinalTamaguchi
quartus_fit --read_settings_files=off --write_settings_files=off VersionFinalTamaguchi -c VersionFinalTamaguchi
quartus_asm --read_settings_files=off --write_settings_files=off VersionFinalTamaguchi -c VersionFinalTamaguchi
quartus_sta VersionFinalTamaguchi -c VersionFinalTamaguchi
quartus_eda --read_settings_files=off --write_settings_files=off VersionFinalTamaguchi -c VersionFinalTamaguchi



